[01-Apr-2021 09:35:38 Europe/Berlin] Prueba de errores
[01-Apr-2021 09:35:38 Europe/Berlin] SessionController::validateSession()
[01-Apr-2021 09:35:38 Europe/Berlin] sessionController::getUserSessionData(): admin
[01-Apr-2021 09:35:38 Europe/Berlin] sessionController::validateSession(): username:admin - role: user
[01-Apr-2021 09:35:39 Europe/Berlin] sessionController::getCurrentPage(): actualLink =>/seguros_bolivia/pagos/create, url => pagos
[01-Apr-2021 09:35:39 Europe/Berlin] sessionController::isPublic(): currentURL => pagos
[01-Apr-2021 09:35:39 Europe/Berlin] sessionController::getCurrentPage(): actualLink =>/seguros_bolivia/pagos/create, url => pagos
[01-Apr-2021 09:35:39 Europe/Berlin] SessionController::validateSession() => autorizado, lo deja pasar
[01-Apr-2021 09:35:39 Europe/Berlin] sessionController::getUserSessionData(): admin
[01-Apr-2021 09:35:43 Europe/Berlin] Prueba de errores
[01-Apr-2021 09:35:43 Europe/Berlin] SessionController::validateSession()
[01-Apr-2021 09:35:43 Europe/Berlin] sessionController::getUserSessionData(): admin
[01-Apr-2021 09:35:43 Europe/Berlin] sessionController::validateSession(): username:admin - role: user
[01-Apr-2021 09:35:43 Europe/Berlin] sessionController::getCurrentPage(): actualLink =>/seguros_bolivia/pagos/create, url => pagos
[01-Apr-2021 09:35:43 Europe/Berlin] sessionController::isPublic(): currentURL => pagos
[01-Apr-2021 09:35:43 Europe/Berlin] sessionController::getCurrentPage(): actualLink =>/seguros_bolivia/pagos/create, url => pagos
[01-Apr-2021 09:35:43 Europe/Berlin] SessionController::validateSession() => autorizado, lo deja pasar
[01-Apr-2021 09:35:43 Europe/Berlin] sessionController::getUserSessionData(): admin
[01-Apr-2021 09:35:47 Europe/Berlin] Prueba de errores
[01-Apr-2021 09:35:47 Europe/Berlin] SessionController::validateSession()
[01-Apr-2021 09:35:47 Europe/Berlin] sessionController::getUserSessionData(): admin
[01-Apr-2021 09:35:47 Europe/Berlin] sessionController::validateSession(): username:admin - role: user
[01-Apr-2021 09:35:47 Europe/Berlin] sessionController::getCurrentPage(): actualLink =>/seguros_bolivia/asegurados/aseguradosJSON/a?term=a, url => asegurados
[01-Apr-2021 09:35:47 Europe/Berlin] sessionController::isPublic(): currentURL => asegurados
[01-Apr-2021 09:35:47 Europe/Berlin] sessionController::getCurrentPage(): actualLink =>/seguros_bolivia/asegurados/aseguradosJSON/a?term=a, url => asegurados
[01-Apr-2021 09:35:47 Europe/Berlin] SessionController::validateSession() => autorizado, lo deja pasar
[01-Apr-2021 09:35:47 Europe/Berlin] sessionController::getUserSessionData(): admin
[01-Apr-2021 09:35:53 Europe/Berlin] Prueba de errores
[01-Apr-2021 09:35:53 Europe/Berlin] SessionController::validateSession()
[01-Apr-2021 09:35:53 Europe/Berlin] sessionController::getUserSessionData(): admin
[01-Apr-2021 09:35:53 Europe/Berlin] sessionController::validateSession(): username:admin - role: user
[01-Apr-2021 09:35:53 Europe/Berlin] sessionController::getCurrentPage(): actualLink =>/seguros_bolivia/asegurados/aseguradosJSON/p?term=p, url => asegurados
[01-Apr-2021 09:35:53 Europe/Berlin] sessionController::isPublic(): currentURL => asegurados
[01-Apr-2021 09:35:53 Europe/Berlin] sessionController::getCurrentPage(): actualLink =>/seguros_bolivia/asegurados/aseguradosJSON/p?term=p, url => asegurados
[01-Apr-2021 09:35:53 Europe/Berlin] SessionController::validateSession() => autorizado, lo deja pasar
[01-Apr-2021 09:35:53 Europe/Berlin] sessionController::getUserSessionData(): admin
[01-Apr-2021 09:35:59 Europe/Berlin] Prueba de errores
[01-Apr-2021 09:35:59 Europe/Berlin] SessionController::validateSession()
[01-Apr-2021 09:35:59 Europe/Berlin] sessionController::getUserSessionData(): admin
[01-Apr-2021 09:35:59 Europe/Berlin] sessionController::validateSession(): username:admin - role: user
[01-Apr-2021 09:35:59 Europe/Berlin] sessionController::getCurrentPage(): actualLink =>/seguros_bolivia/pagos/mostrarDatosPago, url => pagos
[01-Apr-2021 09:35:59 Europe/Berlin] sessionController::isPublic(): currentURL => pagos
[01-Apr-2021 09:35:59 Europe/Berlin] sessionController::getCurrentPage(): actualLink =>/seguros_bolivia/pagos/mostrarDatosPago, url => pagos
[01-Apr-2021 09:35:59 Europe/Berlin] SessionController::validateSession() => autorizado, lo deja pasar
[01-Apr-2021 09:35:59 Europe/Berlin] sessionController::getUserSessionData(): admin
[01-Apr-2021 09:36:00 Europe/Berlin] Prueba de errores
[01-Apr-2021 09:36:00 Europe/Berlin] SessionController::validateSession()
[01-Apr-2021 09:36:00 Europe/Berlin] sessionController::getUserSessionData(): admin
[01-Apr-2021 09:36:00 Europe/Berlin] sessionController::validateSession(): username:admin - role: user
[01-Apr-2021 09:36:00 Europe/Berlin] sessionController::getCurrentPage(): actualLink =>/seguros_bolivia/pagos/public/js/js.js, url => pagos
[01-Apr-2021 09:36:00 Europe/Berlin] sessionController::isPublic(): currentURL => pagos
[01-Apr-2021 09:36:00 Europe/Berlin] sessionController::getCurrentPage(): actualLink =>/seguros_bolivia/pagos/public/js/js.js, url => pagos
[01-Apr-2021 09:36:00 Europe/Berlin] SessionController::validateSession() => autorizado, lo deja pasar
[01-Apr-2021 09:36:00 Europe/Berlin] sessionController::getUserSessionData(): admin
[01-Apr-2021 09:36:11 Europe/Berlin] Prueba de errores
[01-Apr-2021 09:36:11 Europe/Berlin] SessionController::validateSession()
[01-Apr-2021 09:36:11 Europe/Berlin] sessionController::getUserSessionData(): admin
[01-Apr-2021 09:36:11 Europe/Berlin] sessionController::validateSession(): username:admin - role: user
[01-Apr-2021 09:36:11 Europe/Berlin] sessionController::getCurrentPage(): actualLink =>/seguros_bolivia/pagos/pagar, url => pagos
[01-Apr-2021 09:36:11 Europe/Berlin] sessionController::isPublic(): currentURL => pagos
[01-Apr-2021 09:36:11 Europe/Berlin] sessionController::getCurrentPage(): actualLink =>/seguros_bolivia/pagos/pagar, url => pagos
[01-Apr-2021 09:36:11 Europe/Berlin] SessionController::validateSession() => autorizado, lo deja pasar
[01-Apr-2021 09:36:11 Europe/Berlin] sessionController::getUserSessionData(): admin
[01-Apr-2021 09:36:11 Europe/Berlin] Prueba de errores
[01-Apr-2021 09:36:11 Europe/Berlin] SessionController::validateSession()
[01-Apr-2021 09:36:11 Europe/Berlin] sessionController::getUserSessionData(): admin
[01-Apr-2021 09:36:11 Europe/Berlin] sessionController::validateSession(): username:admin - role: user
[01-Apr-2021 09:36:12 Europe/Berlin] sessionController::getCurrentPage(): actualLink =>/seguros_bolivia/pagos, url => pagos
[01-Apr-2021 09:36:12 Europe/Berlin] sessionController::isPublic(): currentURL => pagos
[01-Apr-2021 09:36:12 Europe/Berlin] sessionController::getCurrentPage(): actualLink =>/seguros_bolivia/pagos, url => pagos
[01-Apr-2021 09:36:12 Europe/Berlin] SessionController::validateSession() => autorizado, lo deja pasar
[01-Apr-2021 09:36:12 Europe/Berlin] sessionController::getUserSessionData(): admin
